Loading net-file from 'C:\Users\delphi\testreports\sumoExtra\git\tools\game\A10KW/osm.net.xml' ... done (83ms).
Loading additional-files from 'C:\Users\delphi\testreports\sumoExtra\git\tools\game\input_additional.add.xml' ... done (2ms).
Loading additional-files from 'C:\Users\delphi\testreports\sumoExtra\git\tools\game\A10KW/osm.poly.xml' ... done (1ms).
Loading route-files incrementally from 'C:\Users\delphi\testreports\sumoExtra\git\tools\game\A10KW/osm.passenger.rou.xml'
Loading route-files incrementally from 'C:\Users\delphi\testreports\sumoExtra\git\tools\game\A10KW/osm.truck.rou.xml'
Loading route-files incrementally from 'C:\Users\delphi\testreports\sumoExtra\git\tools\game\A10KW/osm.passenger_mw.rou.xml'
Loading route-files incrementally from 'C:\Users\delphi\testreports\sumoExtra\git\tools\game\A10KW/osm.truck_mw.rou.xml'
Loading route-files incrementally from 'C:\Users\delphi\testreports\sumoExtra\git\tools\game\A10KW/osm.passenger_mwb.rou.xml'
Loading route-files incrementally from 'C:\Users\delphi\testreports\sumoExtra\git\tools\game\A10KW/osm.truck_mwb.rou.xml'
Loading route-files incrementally from 'C:\Users\delphi\testreports\sumoExtra\git\tools\game\A10KW/extra.rou.xml'
Loading done.
Simulation version 1.24.0 started with time: 0.00.
Simulation ended at time: 1800.00.
Reason: The final simulation step has been reached.
Performance:
 Duration: 17.70s
 Real time factor: 101.689
 UPS: 161854.753969
Vehicles:
 Inserted: 5319 (Loaded: 6889)
 Running: 1101
 Waiting: 1569
Statistics (avg of 5319):
 RouteLength: 1938.30
 Speed: 17.22
 Duration: 269.32
 WaitingTime: 153.12
 TimeLoss: 197.86
 DepartDelay: 51.75
 DepartDelayWaiting: 306.23
DijkstraRouter answered 450 queries and explored 34.15 edges on average.
DijkstraRouter spent 0.01s answering queries (0.01ms on average).
